Build started 2012/10/31 16:34:19.
Project "C:\CPPwork\HW5\CS580HW5.vcxproj" on node 2 (build target(s)).
InitializeBuildStatus:
  Creating ".\Debug\CS580HW5.unsuccessfulbuild" because "AlwaysCreate" was specified.
ClCompile:
  All outputs are up-to-date.
  c:\Program Files\Microsoft Visual Studio 10.0\VC\bin\CL.exe /c /ZI /nologo /W3 /WX- /Od /Oy- /D WIN32 /D _DEBUG /D _WINDOWS /D _VC80_UPGRADE=0x0600 /D _MBCS /D _AFXDLL /Gm /EHsc /RTC1 /MDd /GS /Gy- /fp:precise /Zc:wchar_t /Zc:forScope /Yu"stdafx.h" /Fp".\Debug\CS580HW5.pch" /Fo".\Debug\\" /Fd".\Debug\vc100.pdb" /Gd /TP /analyze- /errorReport:prompt tex_fun.cpp
  tex_fun.cpp
c:\cppwork\hw5\tex_fun.cpp(34): warning C4996: 'fopen': This function or variable may be unsafe. Consider using fopen_s instead. To disable deprecation, use _CRT_SECURE_NO_WARNINGS. See online help for details.
          c:\program files\microsoft visual studio 10.0\vc\include\stdio.h(234) : see declaration of 'fopen'
c:\cppwork\hw5\tex_fun.cpp(39): warning C4996: 'fscanf': This function or variable may be unsafe. Consider using fscanf_s instead. To disable deprecation, use _CRT_SECURE_NO_WARNINGS. See online help for details.
          c:\program files\microsoft visual studio 10.0\vc\include\stdio.h(253) : see declaration of 'fscanf'
c:\cppwork\hw5\tex_fun.cpp(48): warning C4244: '=' : conversion from 'double' to 'float', possible loss of data
c:\cppwork\hw5\tex_fun.cpp(49): warning C4244: '=' : conversion from 'double' to 'float', possible loss of data
c:\cppwork\hw5\tex_fun.cpp(50): warning C4244: '=' : conversion from 'double' to 'float', possible loss of data
c:\cppwork\hw5\tex_fun.cpp(30): warning C4101: 'j' : unreferenced local variable
c:\cppwork\hw5\tex_fun.cpp(158): warning C4244: 'initializing' : conversion from 'unsigned long' to 'float', possible loss of data
ResourceCompile:
  All outputs are up-to-date.
ManifestResourceCompile:
  All outputs are up-to-date.
Link:
  c:\Program Files\Microsoft Visual Studio 10.0\VC\bin\link.exe /ERRORREPORT:PROMPT /OUT:".\Debug\CS580HW5.exe" /INCREMENTAL /NOLOGO /MANIFEST /ManifestFile:".\Debug\CS580HW5.exe.intermediate.manifest" /MANIFESTUAC:"level='asInvoker' uiAccess='false'" /DEBUG /PDB:"C:\CPPwork\HW5\Debug\CS580HW5.pdb" /SUBSYSTEM:WINDOWS /TLBID:1 /DYNAMICBASE /NXCOMPAT /IMPLIB:".\Debug\CS580HW5.lib" /MACHINE:X86 .\Debug\CS580HW.res
  .\Debug\CS580HW5.exe.embed.manifest.res
  .\Debug\Application.obj
  .\Debug\Application5.obj
  .\Debug\CS580HW.obj
  .\Debug\CS580HWDoc.obj
  .\Debug\CS580HWView.obj
  .\Debug\disp.obj
  .\Debug\MainFrm.obj
  .\Debug\PerlinNoise.obj
  .\Debug\rend.obj
  .\Debug\RotateDlg.obj
  .\Debug\ScaleDlg.obj
  .\Debug\StdAfx.obj
  .\Debug\tex_fun.obj
  .\Debug\TranslateDlg.obj
  .\Debug\WorleyNoise.obj
Manifest:
  C:\Program Files\Microsoft SDKs\Windows\v7.0A\bin\mt.exe /nologo /verbose /out:".\Debug\CS580HW5.exe.embed.manifest" /manifest .\Debug\CS580HW5.exe.intermediate.manifest "c:\Program Files\Microsoft Visual Studio 10.0\VC\Include\Manifest\dpiaware.manifest"
  All outputs are up-to-date.
LinkEmbedManifest:
  All outputs are up-to-date.
  CS580HW5.vcxproj -> C:\CPPwork\HW5\.\Debug\CS580HW5.exe
FinalizeBuildStatus:
  Deleting file ".\Debug\CS580HW5.unsuccessfulbuild".
  Touching ".\Debug\CS580HW5.lastbuildstate".
Done Building Project "C:\CPPwork\HW5\CS580HW5.vcxproj" (build target(s)).

Build succeeded.

Time Elapsed 00:00:02.55
